<?xml version="1.0" encoding="UTF-8"?>
<!-- Generated by org.testng.reporters.JUnitReportReporter -->
<testsuite name="com.Study.ClassAndObject.TestNG2" tests="2" time="0.023" ignored="0" failures="0" timestamp="06 Feb 2017 07:56:40 GMT" skipped="0" hostname="DESKTOP-PNGU38P" errors="0">
  <testcase name="test1" time="0.012" classname="com.Study.ClassAndObject.TestNG2"/>
  <testcase name="test2" time="0.011" classname="com.Study.ClassAndObject.TestNG2"/>
</testsuite> <!-- com.Study.ClassAndObject.TestNG2 -->
